2025-06-26T03:24:07.479+03:00  INFO 24448 --- [main] c.e.p.PaymentProcessingApplication       : Starting PaymentProcessingApplication using Java 21.0.6 with PID 24448 (C:\Users\Vlad\Desktop\payment-processing\target\classes started by Vlad in C:\Users\Vlad\Desktop\payment-processing)
2025-06-26T03:24:07.481+03:00  INFO 24448 --- [main] c.e.p.PaymentProcessingApplication       : The following 1 profile is active: "dev"
2025-06-26T03:24:08.213+03:00  INFO 24448 --- [main] .s.d.r.c.RepositoryConfigurationDelegate : Bootstrapping Spring Data JPA repositories in DEFAULT mode.
2025-06-26T03:24:08.281+03:00  INFO 24448 --- [main] .s.d.r.c.RepositoryConfigurationDelegate : Finished Spring Data repository scanning in 60 ms. Found 7 JPA repository interfaces.
2025-06-26T03:24:08.800+03:00  INFO 24448 --- [main] o.s.b.w.embedded.tomcat.TomcatWebServer  : Tomcat initialized with port 8082 (http)
2025-06-26T03:24:08.818+03:00  INFO 24448 --- [main] o.apache.catalina.core.StandardService   : Starting service [Tomcat]
2025-06-26T03:24:08.818+03:00  INFO 24448 --- [main] o.apache.catalina.core.StandardEngine    : Starting Servlet engine: [Apache Tomcat/10.1.34]
2025-06-26T03:24:08.867+03:00  INFO 24448 --- [main] o.a.c.c.C.[Tomcat].[localhost].[/]       : Initializing Spring embedded WebApplicationContext
2025-06-26T03:24:08.867+03:00  INFO 24448 --- [main] w.s.c.ServletWebServerApplicationContext : Root WebApplicationContext: initialization completed in 1346 ms
2025-06-26T03:24:08.921+03:00 DEBUG 24448 --- [main] c.e.p.security.JwtAuthenticationFilter   : Filter 'jwtAuthenticationFilter' configured for use
2025-06-26T03:24:08.972+03:00  INFO 24448 --- [main] com.zaxxer.hikari.HikariDataSource       : HikariPool-1 - Starting...
2025-06-26T03:24:09.130+03:00  INFO 24448 --- [main] com.zaxxer.hikari.pool.HikariPool        : HikariPool-1 - Added connection com.mysql.cj.jdbc.ConnectionImpl@19ae2ee5
2025-06-26T03:24:09.131+03:00  INFO 24448 --- [main] com.zaxxer.hikari.HikariDataSource       : HikariPool-1 - Start completed.
2025-06-26T03:24:09.290+03:00  INFO 24448 --- [main] o.hibernate.jpa.internal.util.LogHelper  : HHH000204: Processing PersistenceUnitInfo [name: default]
2025-06-26T03:24:09.346+03:00  INFO 24448 --- [main] org.hibernate.Version                    : HHH000412: Hibernate ORM core version 6.6.4.Final
2025-06-26T03:24:09.376+03:00  INFO 24448 --- [main] o.h.c.internal.RegionFactoryInitiator    : HHH000026: Second-level cache disabled
2025-06-26T03:24:09.638+03:00  INFO 24448 --- [main] o.s.o.j.p.SpringPersistenceUnitInfo      : No LoadTimeWeaver setup: ignoring JPA class transformer
2025-06-26T03:24:09.711+03:00  INFO 24448 --- [main] org.hibernate.orm.connections.pooling    : HHH10001005: Database info:
	Database JDBC URL [Connecting through datasource 'HikariDataSource (HikariPool-1)']
	Database driver: undefined/unknown
	Database version: 8.0.42
	Autocommit mode: undefined/unknown
	Isolation level: undefined/unknown
	Minimum pool size: undefined/unknown
	Maximum pool size: undefined/unknown
2025-06-26T03:24:10.566+03:00  INFO 24448 --- [main] o.h.e.t.j.p.i.JtaPlatformInitiator       : HHH000489: No JTA platform available (set 'hibernate.transaction.jta.platform' to enable JTA platform integration)
2025-06-26T03:24:10.668+03:00  INFO 24448 --- [main] j.LocalContainerEntityManagerFactoryBean : Initialized JPA EntityManagerFactory for persistence unit 'default'
2025-06-26T03:24:10.947+03:00  INFO 24448 --- [main] o.s.d.j.r.query.QueryEnhancerFactory     : Hibernate is in classpath; If applicable, HQL parser will be used.
2025-06-26T03:24:11.718+03:00  WARN 24448 --- [main] JpaBaseConfiguration$JpaWebConfiguration : spring.jpa.open-in-view is enabled by default. Therefore, database queries may be performed during view rendering. Explicitly configure spring.jpa.open-in-view to disable this warning
2025-06-26T03:24:11.750+03:00  INFO 24448 --- [main] o.s.s.p.JdbcUserDetailsManager           : No authentication manager set. Reauthentication of users when changing passwords will not be performed.
2025-06-26T03:24:11.757+03:00  INFO 24448 --- [main] r$InitializeUserDetailsManagerConfigurer : Global AuthenticationManager configured with UserDetailsService bean with name userDetailsService
2025-06-26T03:24:11.860+03:00  INFO 24448 --- [main] o.s.b.a.w.s.WelcomePageHandlerMapping    : Adding welcome page template: index
2025-06-26T03:24:12.151+03:00 DEBUG 24448 --- [main] o.s.s.web.DefaultSecurityFilterChain     : Will secure any request with filters: DisableEncodeUrlFilter, WebAsyncManagerIntegrationFilter, SecurityContextHolderFilter, HeaderWriterFilter, CsrfFilter, LogoutFilter, UsernamePasswordAuthenticationFilter, RequestCacheAwareFilter, SecurityContextHolderAwareRequestFilter, AnonymousAuthenticationFilter, ExceptionTranslationFilter, AuthorizationFilter
2025-06-26T03:24:12.472+03:00  INFO 24448 --- [main] o.s.b.w.embedded.tomcat.TomcatWebServer  : Tomcat started on port 8082 (http) with context path '/'
2025-06-26T03:24:12.480+03:00  INFO 24448 --- [main] c.e.p.PaymentProcessingApplication       : Started PaymentProcessingApplication in 5.424 seconds (process running for 5.787)
2025-06-26T03:24:19.190+03:00  INFO 24448 --- [http-nio-8082-exec-1] o.a.c.c.C.[Tomcat].[localhost].[/]       : Initializing Spring DispatcherServlet 'dispatcherServlet'
2025-06-26T03:24:19.190+03:00  INFO 24448 --- [http-nio-8082-exec-1] o.s.web.servlet.DispatcherServlet        : Initializing Servlet 'dispatcherServlet'
2025-06-26T03:24:19.191+03:00  INFO 24448 --- [http-nio-8082-exec-1] o.s.web.servlet.DispatcherServlet        : Completed initialization in 0 ms
2025-06-26T03:24:19.204+03:00 DEBUG 24448 --- [http-nio-8082-exec-1] o.s.security.web.FilterChainProxy        : Securing GET /customers/top-spender
2025-06-26T03:24:19.211+03:00 DEBUG 24448 --- [http-nio-8082-exec-1] o.s.s.w.a.AnonymousAuthenticationFilter  : Set SecurityContextHolder to anonymous SecurityContext
2025-06-26T03:24:19.223+03:00 DEBUG 24448 --- [http-nio-8082-exec-1] o.s.s.w.s.HttpSessionRequestCache        : Saved request http://localhost:8082/customers/top-spender?continue to session
2025-06-26T03:24:19.224+03:00 DEBUG 24448 --- [http-nio-8082-exec-1] o.s.s.web.DefaultRedirectStrategy        : Redirecting to http://localhost:8082/auth/login
2025-06-26T03:24:19.231+03:00 DEBUG 24448 --- [http-nio-8082-exec-2] o.s.security.web.FilterChainProxy        : Securing GET /auth/login
2025-06-26T03:24:19.231+03:00 DEBUG 24448 --- [http-nio-8082-exec-2] o.s.security.web.FilterChainProxy        : Secured GET /auth/login
2025-06-26T03:24:19.378+03:00  WARN 24448 --- [http-nio-8082-exec-2] actStandardFragmentInsertionTagProcessor : [THYMELEAF][http-nio-8082-exec-2][login] Deprecated unwrapped fragment expression "base :: head" found in template login, line 3, col 7. Please use the complete syntax of fragment expressions instead ("~{base :: head}"). The old, unwrapped syntax for fragment expressions will be removed in future versions of Thymeleaf.
2025-06-26T03:24:19.436+03:00  WARN 24448 --- [http-nio-8082-exec-2] actStandardFragmentInsertionTagProcessor : [THYMELEAF][http-nio-8082-exec-2][login] Deprecated unwrapped fragment expression "base :: navbar" found in template login, line 5, col 6. Please use the complete syntax of fragment expressions instead ("~{base :: navbar}"). The old, unwrapped syntax for fragment expressions will be removed in future versions of Thymeleaf.
2025-06-26T03:24:19.452+03:00  WARN 24448 --- [http-nio-8082-exec-2] actStandardFragmentInsertionTagProcessor : [THYMELEAF][http-nio-8082-exec-2][login] Deprecated unwrapped fragment expression "base :: scripts" found in template login, line 39, col 6. Please use the complete syntax of fragment expressions instead ("~{base :: scripts}"). The old, unwrapped syntax for fragment expressions will be removed in future versions of Thymeleaf.
2025-06-26T03:24:19.457+03:00 DEBUG 24448 --- [http-nio-8082-exec-2] o.s.s.w.a.AnonymousAuthenticationFilter  : Set SecurityContextHolder to anonymous SecurityContext
2025-06-26T03:24:20.829+03:00 DEBUG 24448 --- [http-nio-8082-exec-3] o.s.security.web.FilterChainProxy        : Securing GET /auth/register
2025-06-26T03:24:20.830+03:00 DEBUG 24448 --- [http-nio-8082-exec-3] o.s.security.web.FilterChainProxy        : Secured GET /auth/register
2025-06-26T03:24:20.833+03:00  WARN 24448 --- [http-nio-8082-exec-3] actStandardFragmentInsertionTagProcessor : [THYMELEAF][http-nio-8082-exec-3][register] Deprecated unwrapped fragment expression "base :: head" found in template register, line 3, col 7. Please use the complete syntax of fragment expressions instead ("~{base :: head}"). The old, unwrapped syntax for fragment expressions will be removed in future versions of Thymeleaf.
2025-06-26T03:24:20.835+03:00  WARN 24448 --- [http-nio-8082-exec-3] actStandardFragmentInsertionTagProcessor : [THYMELEAF][http-nio-8082-exec-3][register] Deprecated unwrapped fragment expression "base :: navbar" found in template register, line 5, col 6. Please use the complete syntax of fragment expressions instead ("~{base :: navbar}"). The old, unwrapped syntax for fragment expressions will be removed in future versions of Thymeleaf.
2025-06-26T03:24:20.850+03:00  WARN 24448 --- [http-nio-8082-exec-3] actStandardFragmentInsertionTagProcessor : [THYMELEAF][http-nio-8082-exec-3][register] Deprecated unwrapped fragment expression "base :: scripts" found in template register, line 34, col 6. Please use the complete syntax of fragment expressions instead ("~{base :: scripts}"). The old, unwrapped syntax for fragment expressions will be removed in future versions of Thymeleaf.
2025-06-26T03:24:20.853+03:00 DEBUG 24448 --- [http-nio-8082-exec-3] o.s.s.w.a.AnonymousAuthenticationFilter  : Set SecurityContextHolder to anonymous SecurityContext
2025-06-26T03:24:27.539+03:00 DEBUG 24448 --- [http-nio-8082-exec-4] o.s.security.web.FilterChainProxy        : Securing POST /auth/register
2025-06-26T03:24:27.541+03:00 DEBUG 24448 --- [http-nio-8082-exec-4] o.s.security.web.FilterChainProxy        : Secured POST /auth/register
2025-06-26T03:24:27.759+03:00 DEBUG 24448 --- [http-nio-8082-exec-4] o.s.s.w.a.AnonymousAuthenticationFilter  : Set SecurityContextHolder to anonymous SecurityContext
2025-06-26T03:24:27.770+03:00 DEBUG 24448 --- [http-nio-8082-exec-5] o.s.security.web.FilterChainProxy        : Securing GET /auth/login?registered
2025-06-26T03:24:27.778+03:00 DEBUG 24448 --- [http-nio-8082-exec-5] o.s.security.web.FilterChainProxy        : Secured GET /auth/login?registered
2025-06-26T03:24:27.780+03:00  WARN 24448 --- [http-nio-8082-exec-5] actStandardFragmentInsertionTagProcessor : [THYMELEAF][http-nio-8082-exec-5][login] Deprecated unwrapped fragment expression "base :: head" found in template login, line 3, col 7. Please use the complete syntax of fragment expressions instead ("~{base :: head}"). The old, unwrapped syntax for fragment expressions will be removed in future versions of Thymeleaf.
2025-06-26T03:24:27.780+03:00  WARN 24448 --- [http-nio-8082-exec-5] actStandardFragmentInsertionTagProcessor : [THYMELEAF][http-nio-8082-exec-5][login] Deprecated unwrapped fragment expression "base :: navbar" found in template login, line 5, col 6. Please use the complete syntax of fragment expressions instead ("~{base :: navbar}"). The old, unwrapped syntax for fragment expressions will be removed in future versions of Thymeleaf.
2025-06-26T03:24:27.781+03:00  WARN 24448 --- [http-nio-8082-exec-5] actStandardFragmentInsertionTagProcessor : [THYMELEAF][http-nio-8082-exec-5][login] Deprecated unwrapped fragment expression "base :: scripts" found in template login, line 39, col 6. Please use the complete syntax of fragment expressions instead ("~{base :: scripts}"). The old, unwrapped syntax for fragment expressions will be removed in future versions of Thymeleaf.
2025-06-26T03:24:27.782+03:00 DEBUG 24448 --- [http-nio-8082-exec-5] o.s.s.w.a.AnonymousAuthenticationFilter  : Set SecurityContextHolder to anonymous SecurityContext
2025-06-26T03:24:33.157+03:00 DEBUG 24448 --- [http-nio-8082-exec-6] o.s.security.web.FilterChainProxy        : Securing POST /auth/login
2025-06-26T03:24:33.286+03:00 DEBUG 24448 --- [http-nio-8082-exec-6] o.s.s.a.dao.DaoAuthenticationProvider    : Authenticated user
2025-06-26T03:24:33.286+03:00 DEBUG 24448 --- [http-nio-8082-exec-6] .s.ChangeSessionIdAuthenticationStrategy : Changed session id from 3C565F7B1D65B89A31A64A288666BEFF
2025-06-26T03:24:33.288+03:00 DEBUG 24448 --- [http-nio-8082-exec-6] o.s.s.w.csrf.CsrfAuthenticationStrategy  : Replaced CSRF Token
2025-06-26T03:24:33.289+03:00 DEBUG 24448 --- [http-nio-8082-exec-6] w.c.HttpSessionSecurityContextRepository : Stored SecurityContextImpl [Authentication=UsernamePasswordAuthenticationToken [Principal=org.springframework.security.core.userdetails.User [Username=steaua, Password=[PROTECTED], Enabled=true, AccountNonExpired=true, CredentialsNonExpired=true, AccountNonLocked=true, Granted Authorities=[ROLE_USER]], Credentials=[PROTECTED], Authenticated=true, Details=WebAuthenticationDetails [RemoteIpAddress=127.0.0.1, SessionId=3C565F7B1D65B89A31A64A288666BEFF], Granted Authorities=[ROLE_USER]]] to HttpSession [org.apache.catalina.session.StandardSessionFacade@37c7d5de]
2025-06-26T03:24:33.289+03:00 DEBUG 24448 --- [http-nio-8082-exec-6] w.a.UsernamePasswordAuthenticationFilter : Set SecurityContextHolder to UsernamePasswordAuthenticationToken [Principal=org.springframework.security.core.userdetails.User [Username=steaua, Password=[PROTECTED], Enabled=true, AccountNonExpired=true, CredentialsNonExpired=true, AccountNonLocked=true, Granted Authorities=[ROLE_USER]], Credentials=[PROTECTED], Authenticated=true, Details=WebAuthenticationDetails [RemoteIpAddress=127.0.0.1, SessionId=3C565F7B1D65B89A31A64A288666BEFF], Granted Authorities=[ROLE_USER]]
2025-06-26T03:24:33.289+03:00 DEBUG 24448 --- [http-nio-8082-exec-6] o.s.s.web.DefaultRedirectStrategy        : Redirecting to /customers
2025-06-26T03:24:33.300+03:00 DEBUG 24448 --- [http-nio-8082-exec-7] o.s.security.web.FilterChainProxy        : Securing GET /customers
2025-06-26T03:24:33.300+03:00 DEBUG 24448 --- [http-nio-8082-exec-7] w.c.HttpSessionSecurityContextRepository : Retrieved SecurityContextImpl [Authentication=UsernamePasswordAuthenticationToken [Principal=org.springframework.security.core.userdetails.User [Username=steaua, Password=[PROTECTED], Enabled=true, AccountNonExpired=true, CredentialsNonExpired=true, AccountNonLocked=true, Granted Authorities=[ROLE_USER]], Credentials=[PROTECTED], Authenticated=true, Details=WebAuthenticationDetails [RemoteIpAddress=127.0.0.1, SessionId=3C565F7B1D65B89A31A64A288666BEFF], Granted Authorities=[ROLE_USER]]]
2025-06-26T03:24:33.300+03:00 DEBUG 24448 --- [http-nio-8082-exec-7] o.s.security.web.FilterChainProxy        : Secured GET /customers
2025-06-26T03:24:33.301+03:00  INFO 24448 --- [http-nio-8082-exec-7] c.e.p.controller.CustomerMvcController   : Listing customers sorted by id asc
2025-06-26T03:24:33.301+03:00  INFO 24448 --- [http-nio-8082-exec-7] c.e.p.service.CustomerServiceImpl        : Retrieving all customers sorted by id ASC
2025-06-26T03:24:36.037+03:00 DEBUG 24448 --- [http-nio-8082-exec-8] o.s.security.web.FilterChainProxy        : Securing GET /customers/top-spender
2025-06-26T03:24:36.037+03:00 DEBUG 24448 --- [http-nio-8082-exec-8] w.c.HttpSessionSecurityContextRepository : Retrieved SecurityContextImpl [Authentication=UsernamePasswordAuthenticationToken [Principal=org.springframework.security.core.userdetails.User [Username=steaua, Password=[PROTECTED], Enabled=true, AccountNonExpired=true, CredentialsNonExpired=true, AccountNonLocked=true, Granted Authorities=[ROLE_USER]], Credentials=[PROTECTED], Authenticated=true, Details=WebAuthenticationDetails [RemoteIpAddress=127.0.0.1, SessionId=3C565F7B1D65B89A31A64A288666BEFF], Granted Authorities=[ROLE_USER]]]
2025-06-26T03:24:36.037+03:00 DEBUG 24448 --- [http-nio-8082-exec-8] o.s.security.web.FilterChainProxy        : Secured GET /customers/top-spender
2025-06-26T03:24:36.038+03:00  INFO 24448 --- [http-nio-8082-exec-8] c.e.p.controller.CustomerMvcController   : Getting top spending customer
2025-06-26T03:24:36.038+03:00  INFO 24448 --- [http-nio-8082-exec-8] c.e.p.service.CustomerServiceImpl        : Finding top spending customer
2025-06-26T03:24:37.481+03:00 DEBUG 24448 --- [http-nio-8082-exec-9] o.s.security.web.FilterChainProxy        : Securing GET /customers/with-transactions
2025-06-26T03:24:37.481+03:00 DEBUG 24448 --- [http-nio-8082-exec-9] w.c.HttpSessionSecurityContextRepository : Retrieved SecurityContextImpl [Authentication=UsernamePasswordAuthenticationToken [Principal=org.springframework.security.core.userdetails.User [Username=steaua, Password=[PROTECTED], Enabled=true, AccountNonExpired=true, CredentialsNonExpired=true, AccountNonLocked=true, Granted Authorities=[ROLE_USER]], Credentials=[PROTECTED], Authenticated=true, Details=WebAuthenticationDetails [RemoteIpAddress=127.0.0.1, SessionId=3C565F7B1D65B89A31A64A288666BEFF], Granted Authorities=[ROLE_USER]]]
2025-06-26T03:24:37.481+03:00 DEBUG 24448 --- [http-nio-8082-exec-9] o.s.security.web.FilterChainProxy        : Secured GET /customers/with-transactions
2025-06-26T03:24:37.482+03:00  INFO 24448 --- [http-nio-8082-exec-9] c.e.p.controller.CustomerMvcController   : Filtering customers WITH transactions
2025-06-26T03:24:37.482+03:00  INFO 24448 --- [http-nio-8082-exec-9] c.e.p.service.CustomerServiceImpl        : Retrieving all customers sorted by id ASC
2025-06-26T03:24:39.231+03:00 DEBUG 24448 --- [http-nio-8082-exec-10] o.s.security.web.FilterChainProxy        : Securing GET /customers/new
2025-06-26T03:24:39.231+03:00 DEBUG 24448 --- [http-nio-8082-exec-10] w.c.HttpSessionSecurityContextRepository : Retrieved SecurityContextImpl [Authentication=UsernamePasswordAuthenticationToken [Principal=org.springframework.security.core.userdetails.User [Username=steaua, Password=[PROTECTED], Enabled=true, AccountNonExpired=true, CredentialsNonExpired=true, AccountNonLocked=true, Granted Authorities=[ROLE_USER]], Credentials=[PROTECTED], Authenticated=true, Details=WebAuthenticationDetails [RemoteIpAddress=127.0.0.1, SessionId=3C565F7B1D65B89A31A64A288666BEFF], Granted Authorities=[ROLE_USER]]]
2025-06-26T03:24:39.231+03:00 DEBUG 24448 --- [http-nio-8082-exec-10] o.s.security.web.FilterChainProxy        : Secured GET /customers/new
2025-06-26T03:24:39.232+03:00  INFO 24448 --- [http-nio-8082-exec-10] c.e.p.controller.CustomerMvcController   : Opening form to create new customer
2025-06-26T03:24:49.737+03:00 DEBUG 24448 --- [http-nio-8082-exec-1] o.s.security.web.FilterChainProxy        : Securing POST /customers
2025-06-26T03:24:49.737+03:00 DEBUG 24448 --- [http-nio-8082-exec-1] w.c.HttpSessionSecurityContextRepository : Retrieved SecurityContextImpl [Authentication=UsernamePasswordAuthenticationToken [Principal=org.springframework.security.core.userdetails.User [Username=steaua, Password=[PROTECTED], Enabled=true, AccountNonExpired=true, CredentialsNonExpired=true, AccountNonLocked=true, Granted Authorities=[ROLE_USER]], Credentials=[PROTECTED], Authenticated=true, Details=WebAuthenticationDetails [RemoteIpAddress=127.0.0.1, SessionId=3C565F7B1D65B89A31A64A288666BEFF], Granted Authorities=[ROLE_USER]]]
2025-06-26T03:24:49.737+03:00 DEBUG 24448 --- [http-nio-8082-exec-1] o.s.security.web.FilterChainProxy        : Secured POST /customers
2025-06-26T03:24:49.753+03:00  INFO 24448 --- [http-nio-8082-exec-1] c.e.p.controller.CustomerMvcController   : Creating customer with email customer@mail.com
2025-06-26T03:24:49.753+03:00  INFO 24448 --- [http-nio-8082-exec-1] c.e.p.service.CustomerServiceImpl        : Saving new customer: customer@mail.com
2025-06-26T03:24:49.781+03:00 DEBUG 24448 --- [http-nio-8082-exec-2] o.s.security.web.FilterChainProxy        : Securing GET /customers
2025-06-26T03:24:49.781+03:00 DEBUG 24448 --- [http-nio-8082-exec-2] w.c.HttpSessionSecurityContextRepository : Retrieved SecurityContextImpl [Authentication=UsernamePasswordAuthenticationToken [Principal=org.springframework.security.core.userdetails.User [Username=steaua, Password=[PROTECTED], Enabled=true, AccountNonExpired=true, CredentialsNonExpired=true, AccountNonLocked=true, Granted Authorities=[ROLE_USER]], Credentials=[PROTECTED], Authenticated=true, Details=WebAuthenticationDetails [RemoteIpAddress=127.0.0.1, SessionId=3C565F7B1D65B89A31A64A288666BEFF], Granted Authorities=[ROLE_USER]]]
2025-06-26T03:24:49.781+03:00 DEBUG 24448 --- [http-nio-8082-exec-2] o.s.security.web.FilterChainProxy        : Secured GET /customers
2025-06-26T03:24:49.782+03:00  INFO 24448 --- [http-nio-8082-exec-2] c.e.p.controller.CustomerMvcController   : Listing customers sorted by id asc
2025-06-26T03:24:49.782+03:00  INFO 24448 --- [http-nio-8082-exec-2] c.e.p.service.CustomerServiceImpl        : Retrieving all customers sorted by id ASC
2025-06-26T03:25:16.560+03:00  INFO 24448 --- [SpringApplicationShutdownHook] o.s.b.w.e.tomcat.GracefulShutdown        : Commencing graceful shutdown. Waiting for active requests to complete
2025-06-26T03:25:16.565+03:00  INFO 24448 --- [tomcat-shutdown] o.s.b.w.e.tomcat.GracefulShutdown        : Graceful shutdown complete
2025-06-26T03:25:16.568+03:00  INFO 24448 --- [SpringApplicationShutdownHook] j.LocalContainerEntityManagerFactoryBean : Closing JPA EntityManagerFactory for persistence unit 'default'
2025-06-26T03:25:16.570+03:00  INFO 24448 --- [SpringApplicationShutdownHook] com.zaxxer.hikari.HikariDataSource       : HikariPool-1 - Shutdown initiated...
2025-06-26T03:25:16.575+03:00  INFO 24448 --- [SpringApplicationShutdownHook] com.zaxxer.hikari.HikariDataSource       : HikariPool-1 - Shutdown completed.
2025-06-26T03:26:52.265+03:00  INFO 30120 --- [main] c.e.p.PaymentProcessingApplication       : Starting PaymentProcessingApplication using Java 21.0.6 with PID 30120 (C:\Users\Vlad\Desktop\payment-processing\target\classes started by Vlad in C:\Users\Vlad\Desktop\payment-processing)
2025-06-26T03:26:52.267+03:00  INFO 30120 --- [main] c.e.p.PaymentProcessingApplication       : The following 1 profile is active: "dev"
2025-06-26T03:26:53.709+03:00 DEBUG 30120 --- [main] c.e.p.security.JwtAuthenticationFilter   : Filter 'jwtAuthenticationFilter' configured for use
2025-06-26T03:26:56.473+03:00  WARN 30120 --- [main] JpaBaseConfiguration$JpaWebConfiguration : spring.jpa.open-in-view is enabled by default. Therefore, database queries may be performed during view rendering. Explicitly configure spring.jpa.open-in-view to disable this warning
2025-06-26T03:26:56.502+03:00  INFO 30120 --- [main] o.s.s.p.JdbcUserDetailsManager           : No authentication manager set. Reauthentication of users when changing passwords will not be performed.
2025-06-26T03:26:56.508+03:00  INFO 30120 --- [main] r$InitializeUserDetailsManagerConfigurer : Global AuthenticationManager configured with UserDetailsService bean with name userDetailsService
2025-06-26T03:26:56.855+03:00 DEBUG 30120 --- [main] o.s.s.web.DefaultSecurityFilterChain     : Will secure any request with filters: DisableEncodeUrlFilter, WebAsyncManagerIntegrationFilter, SecurityContextHolderFilter, HeaderWriterFilter, CsrfFilter, LogoutFilter, UsernamePasswordAuthenticationFilter, RequestCacheAwareFilter, SecurityContextHolderAwareRequestFilter, AnonymousAuthenticationFilter, ExceptionTranslationFilter, AuthorizationFilter
2025-06-26T03:26:57.152+03:00  INFO 30120 --- [main] c.e.p.PaymentProcessingApplication       : Started PaymentProcessingApplication in 5.316 seconds (process running for 5.699)
2025-06-26T03:26:57.697+03:00 DEBUG 30120 --- [http-nio-8082-exec-1] o.s.security.web.FilterChainProxy        : Securing GET /customers
2025-06-26T03:26:57.704+03:00 DEBUG 30120 --- [http-nio-8082-exec-1] o.s.s.w.a.AnonymousAuthenticationFilter  : Set SecurityContextHolder to anonymous SecurityContext
2025-06-26T03:26:57.716+03:00 DEBUG 30120 --- [http-nio-8082-exec-1] o.s.s.w.s.HttpSessionRequestCache        : Saved request http://localhost:8082/customers?continue to session
2025-06-26T03:26:57.716+03:00 DEBUG 30120 --- [http-nio-8082-exec-1] o.s.s.web.DefaultRedirectStrategy        : Redirecting to http://localhost:8082/auth/login
2025-06-26T03:26:57.723+03:00 DEBUG 30120 --- [http-nio-8082-exec-2] o.s.security.web.FilterChainProxy        : Securing GET /auth/login
2025-06-26T03:26:57.724+03:00 DEBUG 30120 --- [http-nio-8082-exec-2] o.s.security.web.FilterChainProxy        : Secured GET /auth/login
2025-06-26T03:26:57.868+03:00  WARN 30120 --- [http-nio-8082-exec-2] actStandardFragmentInsertionTagProcessor : [THYMELEAF][http-nio-8082-exec-2][login] Deprecated unwrapped fragment expression "base :: head" found in template login, line 3, col 7. Please use the complete syntax of fragment expressions instead ("~{base :: head}"). The old, unwrapped syntax for fragment expressions will be removed in future versions of Thymeleaf.
2025-06-26T03:26:57.925+03:00  WARN 30120 --- [http-nio-8082-exec-2] actStandardFragmentInsertionTagProcessor : [THYMELEAF][http-nio-8082-exec-2][login] Deprecated unwrapped fragment expression "base :: navbar" found in template login, line 5, col 6. Please use the complete syntax of fragment expressions instead ("~{base :: navbar}"). The old, unwrapped syntax for fragment expressions will be removed in future versions of Thymeleaf.
2025-06-26T03:26:57.938+03:00  WARN 30120 --- [http-nio-8082-exec-2] actStandardFragmentInsertionTagProcessor : [THYMELEAF][http-nio-8082-exec-2][login] Deprecated unwrapped fragment expression "base :: scripts" found in template login, line 39, col 6. Please use the complete syntax of fragment expressions instead ("~{base :: scripts}"). The old, unwrapped syntax for fragment expressions will be removed in future versions of Thymeleaf.
2025-06-26T03:26:57.942+03:00 DEBUG 30120 --- [http-nio-8082-exec-2] o.s.s.w.a.AnonymousAuthenticationFilter  : Set SecurityContextHolder to anonymous SecurityContext
2025-06-26T03:27:01.156+03:00 DEBUG 30120 --- [http-nio-8082-exec-3] o.s.security.web.FilterChainProxy        : Securing GET /auth/register
2025-06-26T03:27:01.156+03:00 DEBUG 30120 --- [http-nio-8082-exec-3] o.s.security.web.FilterChainProxy        : Secured GET /auth/register
2025-06-26T03:27:01.159+03:00  WARN 30120 --- [http-nio-8082-exec-3] actStandardFragmentInsertionTagProcessor : [THYMELEAF][http-nio-8082-exec-3][register] Deprecated unwrapped fragment expression "base :: head" found in template register, line 3, col 7. Please use the complete syntax of fragment expressions instead ("~{base :: head}"). The old, unwrapped syntax for fragment expressions will be removed in future versions of Thymeleaf.
2025-06-26T03:27:01.161+03:00  WARN 30120 --- [http-nio-8082-exec-3] actStandardFragmentInsertionTagProcessor : [THYMELEAF][http-nio-8082-exec-3][register] Deprecated unwrapped fragment expression "base :: navbar" found in template register, line 5, col 6. Please use the complete syntax of fragment expressions instead ("~{base :: navbar}"). The old, unwrapped syntax for fragment expressions will be removed in future versions of Thymeleaf.
2025-06-26T03:27:01.176+03:00  WARN 30120 --- [http-nio-8082-exec-3] actStandardFragmentInsertionTagProcessor : [THYMELEAF][http-nio-8082-exec-3][register] Deprecated unwrapped fragment expression "base :: scripts" found in template register, line 34, col 6. Please use the complete syntax of fragment expressions instead ("~{base :: scripts}"). The old, unwrapped syntax for fragment expressions will be removed in future versions of Thymeleaf.
2025-06-26T03:27:01.178+03:00 DEBUG 30120 --- [http-nio-8082-exec-3] o.s.s.w.a.AnonymousAuthenticationFilter  : Set SecurityContextHolder to anonymous SecurityContext
2025-06-26T03:27:07.150+03:00 DEBUG 30120 --- [http-nio-8082-exec-4] o.s.security.web.FilterChainProxy        : Securing POST /auth/register
2025-06-26T03:27:07.151+03:00 DEBUG 30120 --- [http-nio-8082-exec-4] o.s.security.web.FilterChainProxy        : Secured POST /auth/register
2025-06-26T03:27:07.368+03:00 DEBUG 30120 --- [http-nio-8082-exec-4] o.s.s.w.a.AnonymousAuthenticationFilter  : Set SecurityContextHolder to anonymous SecurityContext
2025-06-26T03:27:07.377+03:00 DEBUG 30120 --- [http-nio-8082-exec-5] o.s.security.web.FilterChainProxy        : Securing GET /auth/login?registered
2025-06-26T03:27:07.385+03:00 DEBUG 30120 --- [http-nio-8082-exec-5] o.s.security.web.FilterChainProxy        : Secured GET /auth/login?registered
2025-06-26T03:27:07.387+03:00  WARN 30120 --- [http-nio-8082-exec-5] actStandardFragmentInsertionTagProcessor : [THYMELEAF][http-nio-8082-exec-5][login] Deprecated unwrapped fragment expression "base :: head" found in template login, line 3, col 7. Please use the complete syntax of fragment expressions instead ("~{base :: head}"). The old, unwrapped syntax for fragment expressions will be removed in future versions of Thymeleaf.
2025-06-26T03:27:07.387+03:00  WARN 30120 --- [http-nio-8082-exec-5] actStandardFragmentInsertionTagProcessor : [THYMELEAF][http-nio-8082-exec-5][login] Deprecated unwrapped fragment expression "base :: navbar" found in template login, line 5, col 6. Please use the complete syntax of fragment expressions instead ("~{base :: navbar}"). The old, unwrapped syntax for fragment expressions will be removed in future versions of Thymeleaf.
2025-06-26T03:27:07.388+03:00  WARN 30120 --- [http-nio-8082-exec-5] actStandardFragmentInsertionTagProcessor : [THYMELEAF][http-nio-8082-exec-5][login] Deprecated unwrapped fragment expression "base :: scripts" found in template login, line 39, col 6. Please use the complete syntax of fragment expressions instead ("~{base :: scripts}"). The old, unwrapped syntax for fragment expressions will be removed in future versions of Thymeleaf.
2025-06-26T03:27:07.389+03:00 DEBUG 30120 --- [http-nio-8082-exec-5] o.s.s.w.a.AnonymousAuthenticationFilter  : Set SecurityContextHolder to anonymous SecurityContext
2025-06-26T03:27:12.568+03:00 DEBUG 30120 --- [http-nio-8082-exec-6] o.s.security.web.FilterChainProxy        : Securing POST /auth/login
2025-06-26T03:27:12.696+03:00 DEBUG 30120 --- [http-nio-8082-exec-6] o.s.s.a.dao.DaoAuthenticationProvider    : Authenticated user
2025-06-26T03:27:12.697+03:00 DEBUG 30120 --- [http-nio-8082-exec-6] .s.ChangeSessionIdAuthenticationStrategy : Changed session id from D65F3626147AE2A2AA98A489AAD65097
2025-06-26T03:27:12.698+03:00 DEBUG 30120 --- [http-nio-8082-exec-6] o.s.s.w.csrf.CsrfAuthenticationStrategy  : Replaced CSRF Token
2025-06-26T03:27:12.699+03:00 DEBUG 30120 --- [http-nio-8082-exec-6] w.c.HttpSessionSecurityContextRepository : Stored SecurityContextImpl [Authentication=UsernamePasswordAuthenticationToken [Principal=org.springframework.security.core.userdetails.User [Username=steaua, Password=[PROTECTED], Enabled=true, AccountNonExpired=true, CredentialsNonExpired=true, AccountNonLocked=true, Granted Authorities=[ROLE_USER]], Credentials=[PROTECTED], Authenticated=true, Details=WebAuthenticationDetails [RemoteIpAddress=127.0.0.1, SessionId=D65F3626147AE2A2AA98A489AAD65097], Granted Authorities=[ROLE_USER]]] to HttpSession [org.apache.catalina.session.StandardSessionFacade@4fb8782]
2025-06-26T03:27:12.699+03:00 DEBUG 30120 --- [http-nio-8082-exec-6] w.a.UsernamePasswordAuthenticationFilter : Set SecurityContextHolder to UsernamePasswordAuthenticationToken [Principal=org.springframework.security.core.userdetails.User [Username=steaua, Password=[PROTECTED], Enabled=true, AccountNonExpired=true, CredentialsNonExpired=true, AccountNonLocked=true, Granted Authorities=[ROLE_USER]], Credentials=[PROTECTED], Authenticated=true, Details=WebAuthenticationDetails [RemoteIpAddress=127.0.0.1, SessionId=D65F3626147AE2A2AA98A489AAD65097], Granted Authorities=[ROLE_USER]]
2025-06-26T03:27:12.699+03:00 DEBUG 30120 --- [http-nio-8082-exec-6] o.s.s.web.DefaultRedirectStrategy        : Redirecting to /customers
2025-06-26T03:27:12.709+03:00 DEBUG 30120 --- [http-nio-8082-exec-7] o.s.security.web.FilterChainProxy        : Securing GET /customers
2025-06-26T03:27:12.709+03:00 DEBUG 30120 --- [http-nio-8082-exec-7] w.c.HttpSessionSecurityContextRepository : Retrieved SecurityContextImpl [Authentication=UsernamePasswordAuthenticationToken [Principal=org.springframework.security.core.userdetails.User [Username=steaua, Password=[PROTECTED], Enabled=true, AccountNonExpired=true, CredentialsNonExpired=true, AccountNonLocked=true, Granted Authorities=[ROLE_USER]], Credentials=[PROTECTED], Authenticated=true, Details=WebAuthenticationDetails [RemoteIpAddress=127.0.0.1, SessionId=D65F3626147AE2A2AA98A489AAD65097], Granted Authorities=[ROLE_USER]]]
2025-06-26T03:27:12.710+03:00 DEBUG 30120 --- [http-nio-8082-exec-7] o.s.security.web.FilterChainProxy        : Secured GET /customers
2025-06-26T03:27:12.711+03:00  INFO 30120 --- [http-nio-8082-exec-7] c.e.p.controller.CustomerMvcController   : Listing customers sorted by id asc
2025-06-26T03:27:12.711+03:00  INFO 30120 --- [http-nio-8082-exec-7] c.e.p.service.CustomerServiceImpl        : Retrieving all customers sorted by id ASC
2025-06-26T03:27:16.887+03:00 DEBUG 30120 --- [http-nio-8082-exec-8] o.s.security.web.FilterChainProxy        : Securing POST /customers/6/delete
2025-06-26T03:27:16.887+03:00 DEBUG 30120 --- [http-nio-8082-exec-8] w.c.HttpSessionSecurityContextRepository : Retrieved SecurityContextImpl [Authentication=UsernamePasswordAuthenticationToken [Principal=org.springframework.security.core.userdetails.User [Username=steaua, Password=[PROTECTED], Enabled=true, AccountNonExpired=true, CredentialsNonExpired=true, AccountNonLocked=true, Granted Authorities=[ROLE_USER]], Credentials=[PROTECTED], Authenticated=true, Details=WebAuthenticationDetails [RemoteIpAddress=127.0.0.1, SessionId=D65F3626147AE2A2AA98A489AAD65097], Granted Authorities=[ROLE_USER]]]
2025-06-26T03:27:16.887+03:00 DEBUG 30120 --- [http-nio-8082-exec-8] o.s.security.web.FilterChainProxy        : Secured POST /customers/6/delete
2025-06-26T03:27:16.889+03:00  INFO 30120 --- [http-nio-8082-exec-8] c.e.p.controller.CustomerMvcController   : Deleting customer id=6
2025-06-26T03:27:16.889+03:00  INFO 30120 --- [http-nio-8082-exec-8] c.e.p.service.CustomerServiceImpl        : Deleting customer id=6
2025-06-26T03:27:16.919+03:00 DEBUG 30120 --- [http-nio-8082-exec-9] o.s.security.web.FilterChainProxy        : Securing GET /customers
2025-06-26T03:27:16.920+03:00 DEBUG 30120 --- [http-nio-8082-exec-9] w.c.HttpSessionSecurityContextRepository : Retrieved SecurityContextImpl [Authentication=UsernamePasswordAuthenticationToken [Principal=org.springframework.security.core.userdetails.User [Username=steaua, Password=[PROTECTED], Enabled=true, AccountNonExpired=true, CredentialsNonExpired=true, AccountNonLocked=true, Granted Authorities=[ROLE_USER]], Credentials=[PROTECTED], Authenticated=true, Details=WebAuthenticationDetails [RemoteIpAddress=127.0.0.1, SessionId=D65F3626147AE2A2AA98A489AAD65097], Granted Authorities=[ROLE_USER]]]
2025-06-26T03:27:16.920+03:00 DEBUG 30120 --- [http-nio-8082-exec-9] o.s.security.web.FilterChainProxy        : Secured GET /customers
2025-06-26T03:27:16.920+03:00  INFO 30120 --- [http-nio-8082-exec-9] c.e.p.controller.CustomerMvcController   : Listing customers sorted by id asc
2025-06-26T03:27:16.921+03:00  INFO 30120 --- [http-nio-8082-exec-9] c.e.p.service.CustomerServiceImpl        : Retrieving all customers sorted by id ASC
